<?xml version="1.0" encoding="UTF-8"?>
<!-- Generated by org.testng.reporters.JUnitReportReporter -->
<testsuite skipped="0" hostname="IQA_Rahul-K" name="reqresTest.CreateMultipleUsersTest" tests="2" failures="0" timestamp="20 Jun 2020 08:34:46 GMT" time="10.009" errors="0">
  <testcase name="createUser" time="6.626" classname="reqresTest.CreateMultipleUsersTest"/>
  <testcase name="updateUser" time="3.383" classname="reqresTest.CreateMultipleUsersTest"/>
</testsuite> <!-- reqresTest.CreateMultipleUsersTest -->
