<?xml version="1.0" encoding="UTF-8"?>
<!-- Generated by org.testng.reporters.JUnitReportReporter -->
<testsuite skipped="0" hostname="IQA_Rahul-K" name="reqresTest.RegisterUserAndLoginTest" tests="3" failures="0" timestamp="20 Jun 2020 08:10:05 GMT" time="3.641" errors="0">
  <testcase name="login" time="2.794" classname="reqresTest.RegisterUserAndLoginTest"/>
  <testcase name="reqResTest" time="0.001" classname="reqresTest.RegisterUserAndLoginTest"/>
  <testcase name="registerUser" time="0.846" classname="reqresTest.RegisterUserAndLoginTest"/>
</testsuite> <!-- reqresTest.RegisterUserAndLoginTest -->
