<?xml version="1.0" encoding="UTF-8"?>
<!-- Generated by org.testng.reporters.JUnitReportReporter -->
<testsuite skipped="0" hostname="IQA_Rahul-K" name="reqresTest.ModifyResponse" tests="1" failures="0" timestamp="20 Jun 2020 11:05:49 GMT" time="9.107" errors="0">
  <testcase name="createUserAndModifyRespose" time="9.107" classname="reqresTest.ModifyResponse"/>
</testsuite> <!-- reqresTest.ModifyResponse -->
