<?xml version="1.0" encoding="UTF-8"?>
<!-- Generated by org.testng.reporters.JUnitReportReporter -->
<testsuite skipped="0" hostname="IQA_Rahul-K" name="reqresTest.DeleteUser" tests="1" failures="0" timestamp="20 Jun 2020 09:48:36 GMT" time="2.772" errors="0">
  <testcase name="deleteUser" time="2.772" classname="reqresTest.DeleteUser"/>
</testsuite> <!-- reqresTest.DeleteUser -->
